e:\chili directx framework\chili framework 2016\engine\release\game.obj
e:\chili directx framework\chili framework 2016\engine\release\keyboard.obj
e:\chili directx framework\chili framework 2016\engine\release\main.obj
e:\chili directx framework\chili framework 2016\engine\release\mainwindow.obj
e:\chili directx framework\chili framework 2016\engine\release\mouse.obj
e:\chili directx framework\chili framework 2016\engine\release\graphics.obj
e:\chili directx framework\chili framework 2016\engine\release\dxerr.obj
e:\chili directx framework\chili framework 2016\engine\release\vc143.pdb
e:\chili directx framework\chili framework 2016\engine\framebufferps.shh
e:\chili directx framework\chili framework 2016\engine\framebuffervs.shh
e:\chili directx framework\chili framework 2016\release\engine.exe
e:\chili directx framework\chili framework 2016\release\engine.pdb
e:\chili directx framework\chili framework 2016\engine\release\resource.res
e:\chili directx framework\chili framework 2016\engine\release\engine.ipdb
e:\chili directx framework\chili framework 2016\engine\release\engine.iobj
e:\chili directx framework\chili framework 2016\engine\release\engine.tlog\cl.command.1.tlog
e:\chili directx framework\chili framework 2016\engine\release\engine.tlog\cl.items.tlog
e:\chili directx framework\chili framework 2016\engine\release\engine.tlog\cl.read.1.tlog
e:\chili directx framework\chili framework 2016\engine\release\engine.tlog\cl.write.1.tlog
e:\chili directx framework\chili framework 2016\engine\release\engine.tlog\fxc.command.1.tlog
e:\chili directx framework\chili framework 2016\engine\release\engine.tlog\fxc.read.1.tlog
e:\chili directx framework\chili framework 2016\engine\release\engine.tlog\fxc.write.1.tlog
e:\chili directx framework\chili framework 2016\engine\release\engine.tlog\link.command.1.tlog
e:\chili directx framework\chili framework 2016\engine\release\engine.tlog\link.read.1.tlog
e:\chili directx framework\chili framework 2016\engine\release\engine.tlog\link.secondary.1.tlog
e:\chili directx framework\chili framework 2016\engine\release\engine.tlog\link.write.1.tlog
e:\chili directx framework\chili framework 2016\engine\release\engine.tlog\rc.command.1.tlog
e:\chili directx framework\chili framework 2016\engine\release\engine.tlog\rc.read.1.tlog
e:\chili directx framework\chili framework 2016\engine\release\engine.tlog\rc.write.1.tlog
